[debug] [2024-08-08T20:39:03.124Z] ----------------------------------------------------------------------
[debug] [2024-08-08T20:39:03.153Z] Command:       C:\Program Files\nodejs\node.exe C:\Users\saven\AppData\Roaming\npm\node_modules\firebase-tools\lib\bin\firebase.js deploy
[debug] [2024-08-08T20:39:03.156Z] CLI Version:   13.15.0
[debug] [2024-08-08T20:39:03.157Z] Platform:      win32
[debug] [2024-08-08T20:39:03.157Z] Node Version:  v20.16.0
[debug] [2024-08-08T20:39:03.159Z] Time:          Fri Aug 09 2024 03:39:03 GMT+0700 (เวลาอินโดจีน)
[debug] [2024-08-08T20:39:03.161Z] ----------------------------------------------------------------------
[debug] 
[debug] [2024-08-08T20:39:03.660Z] > command requires scopes: ["email","openid","https://www.googleapis.com/auth/cloudplatformprojects.readonly","https://www.googleapis.com/auth/firebase","https://www.googleapis.com/auth/cloud-platform"]
[debug] [2024-08-08T20:39:03.662Z] > authorizing via signed-in user (savencenter5047@gmail.com)
[debug] [2024-08-08T20:39:03.664Z] [iam] checking project centered101-webfollow for permissions ["firebase.projects.get","firebasehosting.sites.update"]
[debug] [2024-08-08T20:39:03.674Z] > refreshing access token with scopes: []
[debug] [2024-08-08T20:39:03.686Z] >>> [apiv2][query] POST https://www.googleapis.com/oauth2/v3/token [none]
[debug] [2024-08-08T20:39:03.687Z] >>> [apiv2][body] POST https://www.googleapis.com/oauth2/v3/token [omitted]
[debug] [2024-08-08T20:39:04.485Z] <<< [apiv2][status] POST https://www.googleapis.com/oauth2/v3/token 200
[debug] [2024-08-08T20:39:04.487Z] <<< [apiv2][body] POST https://www.googleapis.com/oauth2/v3/token [omitted]
[debug] [2024-08-08T20:39:04.531Z] >>> [apiv2][query] POST https://cloudresourcemanager.googleapis.com/v1/projects/centered101-webfollow:testIamPermissions [none]
[debug] [2024-08-08T20:39:04.532Z] >>> [apiv2][(partial)header] POST https://cloudresourcemanager.googleapis.com/v1/projects/centered101-webfollow:testIamPermissions x-goog-quota-user=projects/centered101-webfollow
[debug] [2024-08-08T20:39:04.533Z] >>> [apiv2][body] POST https://cloudresourcemanager.googleapis.com/v1/projects/centered101-webfollow:testIamPermissions {"permissions":["firebase.projects.get","firebasehosting.sites.update"]}
[debug] [2024-08-08T20:39:05.935Z] <<< [apiv2][status] POST https://cloudresourcemanager.googleapis.com/v1/projects/centered101-webfollow:testIamPermissions 200
[debug] [2024-08-08T20:39:05.936Z] <<< [apiv2][body] POST https://cloudresourcemanager.googleapis.com/v1/projects/centered101-webfollow:testIamPermissions {"permissions":["firebase.projects.get","firebasehosting.sites.update"]}
[debug] [2024-08-08T20:39:05.941Z] >>> [apiv2][query] GET https://firebase.googleapis.com/v1beta1/projects/centered101-webfollow [none]
[debug] [2024-08-08T20:39:06.724Z] <<< [apiv2][status] GET https://firebase.googleapis.com/v1beta1/projects/centered101-webfollow 200
[debug] [2024-08-08T20:39:06.725Z] <<< [apiv2][body] GET https://firebase.googleapis.com/v1beta1/projects/centered101-webfollow {"projectId":"centered101-webfollow","projectNumber":"1010980971454","displayName":"Centered101-webfollowe","name":"projects/centered101-webfollow","resources":{"hostingSite":"centered101-webfollow","realtimeDatabaseInstance":"centered101-webfollow-default-rtdb","storageBucket":"centered101-webfollow.appspot.com","locationId":"asia-southeast1"},"state":"ACTIVE","etag":"1_93e88115-fac7-4c10-8780-fad54b41889d"}
[info] 
[info] === Deploying to 'centered101-webfollow'...
[info] 
[info] i  deploying hosting 
[debug] [2024-08-08T20:39:06.768Z] >>> [apiv2][query] POST https://firebasehosting.googleapis.com/v1beta1/projects/-/sites/centered101-webfollow/versions [none]
[debug] [2024-08-08T20:39:06.768Z] >>> [apiv2][body] POST https://firebasehosting.googleapis.com/v1beta1/projects/-/sites/centered101-webfollow/versions {"status":"CREATED","labels":{"deployment-tool":"cli-firebase"}}
[debug] [2024-08-08T20:39:08.103Z] <<< [apiv2][status] POST https://firebasehosting.googleapis.com/v1beta1/projects/-/sites/centered101-webfollow/versions 200
[debug] [2024-08-08T20:39:08.105Z] <<< [apiv2][body] POST https://firebasehosting.googleapis.com/v1beta1/projects/-/sites/centered101-webfollow/versions {"name":"projects/1010980971454/sites/centered101-webfollow/versions/beca1d42d7c4cd5e","status":"CREATED","config":{},"labels":{"deployment-tool":"cli-firebase"}}
[info] i  hosting[centered101-webfollow]: beginning deploy... 
[info] i  hosting[centered101-webfollow]: found 295 files in public 
[debug] [2024-08-08T20:39:08.540Z] [hosting] uploading with 200 concurrency
